<?xml version="1.0" encoding="UTF-8"?>
<!-- Generated by org.testng.reporters.JUnitReportReporter -->
<testsuite hostname="LAPTOP-4EJ15PJU" failures="0" tests="4" name="testNG.sampletestcase" time="0.013" errors="0" timestamp="2025-02-24T13:27:00 IST" skipped="0">
  <testcase classname="testNG.sampletestcase" name="thirdtestcase" time="0.001"/>
  <testcase classname="testNG.sampletestcase" name="fourthtestcase" time="0.002"/>
  <testcase classname="testNG.sampletestcase" name="Firsttestcase" time="0.009"/>
  <testcase classname="testNG.sampletestcase" name="secondtestcase" time="0.001"/>
</testsuite> <!-- testNG.sampletestcase -->
