<?xml version="1.0" encoding="UTF-8"?>
<!-- Generated by org.testng.reporters.JUnitReportReporter -->
<testsuite hostname="LAPTOP-4EJ15PJU" failures="0" tests="4" name="testNG.Skiptestcases" time="0.013" errors="0" timestamp="2025-02-24T13:45:59 IST" skipped="1">
  <testcase classname="testNG.Skiptestcases" name="startcar" time="0.008"/>
  <testcase classname="testNG.Skiptestcases" name="secondgear" time="0.003"/>
  <testcase classname="testNG.Skiptestcases" name="thirdgear" time="0.002"/>
  <testcase classname="testNG.Skiptestcases" name="Firstgear">
    <skipped/>
  </testcase> <!-- Firstgear -->
</testsuite> <!-- testNG.Skiptestcases -->
