<?xml version="1.0" encoding="UTF-8"?>
<!-- Generated by org.testng.reporters.JUnitReportReporter -->
<testsuite hostname="LAPTOP-4EJ15PJU" failures="0" tests="1" name="testNG.AssertionsTest" time="0.008" errors="0" timestamp="2025-02-25T20:09:12 IST" skipped="0">
  <testcase classname="testNG.AssertionsTest" name="f" time="0.008"/>
</testsuite> <!-- testNG.AssertionsTest -->
