<?xml version="1.0" encoding="UTF-8"?>
<!-- Generated by org.testng.reporters.JUnitReportReporter -->
<testsuite hostname="LAPTOP-4EJ15PJU" failures="0" tests="3" name="testNG.dependencyexmple" time="0.012" errors="0" timestamp="2025-02-24T14:16:02 IST" skipped="0">
  <testcase classname="testNG.dependencyexmple" name="college" time="0.001"/>
  <testcase classname="testNG.dependencyexmple" name="school" time="0.010"/>
  <testcase classname="testNG.dependencyexmple" name="highschool" time="0.001"/>
</testsuite> <!-- testNG.dependencyexmple -->
