<?xml version="1.0" encoding="UTF-8"?>
<!-- Generated by org.testng.reporters.JUnitReportReporter -->
<testsuite hostname="LAPTOP-4EJ15PJU" failures="0" tests="1" name="testNG.Assertions" time="0.009" errors="0" timestamp="2025-02-25T19:57:01 IST" skipped="0">
  <testcase classname="testNG.Assertions" name="name" time="0.009"/>
</testsuite> <!-- testNG.Assertions -->
