<?xml version="1.0" encoding="UTF-8"?>
<!-- Generated by org.testng.reporters.JUnitReportReporter -->
<testsuite hostname="LAPTOP-4EJ15PJU" failures="0" tests="3" name="testNG.Suiteexample" time="105.883" errors="0" timestamp="2025-02-24T14:18:57 IST" skipped="0">
  <testcase classname="testNG.Suiteexample" name="openfirefox" time="24.961"/>
  <testcase classname="testNG.Suiteexample" name="opengoogle" time="32.024"/>
  <testcase classname="testNG.Suiteexample" name="openedge" time="48.898"/>
</testsuite> <!-- testNG.Suiteexample -->
