<?xml version="1.0" encoding="UTF-8"?>
<!-- Generated by org.testng.reporters.JUnitReportReporter -->
<testsuite hostname="LAPTOP-4EJ15PJU" failures="0" tests="4" name="testNG.Drivercarexmple" time="0.015" errors="0" timestamp="2025-02-24T13:38:46 IST" skipped="0">
  <testcase classname="testNG.Drivercarexmple" name="startcar" time="0.008"/>
  <testcase classname="testNG.Drivercarexmple" name="thirdgear" time="0.003"/>
  <testcase classname="testNG.Drivercarexmple" name="Firstgear" time="0.002"/>
  <testcase classname="testNG.Drivercarexmple" name="secondgear" time="0.002"/>
</testsuite> <!-- testNG.Drivercarexmple -->
